2026-07-10 12:15:59,451 - INFO - Logging established
2026-07-10 12:15:59,452 - INFO - Logs save at: ../logs/oosi_1_mdl.log
2026-07-10 12:15:59,495 - INFO - OS: Windows 11
2026-07-10 12:15:59,495 - INFO - Python Version: 3.13.13
2026-07-10 12:15:59,496 - INFO - Dependencies save at: ../logs/requirements_oosi_1_mdl.txt
2026-07-10 12:15:59,496 - INFO - Config names loaded: drug, radon
2026-07-10 12:15:59,499 - INFO - Config file name to load: ../configs/oosi_configs_drug.yaml
2026-07-10 12:15:59,499 - INFO - Config file name to load: ../configs/oosi_configs_radon.yaml
2026-07-10 12:15:59,605 - INFO - Config and data loaded: ../configs/oosi_configs_drug.yaml
2026-07-10 12:15:59,663 - INFO - Config and data loaded: ../configs/oosi_configs_radon.yaml
2026-07-10 12:15:59,663 - INFO - Out-of-Sample-Inference started: drug__drug
2026-07-10 12:15:59,664 - INFO - Data sliced for drug.
2026-07-10 12:15:59,665 - INFO - Target type: multiclass | Classes: [0 1 2 3 4] | Total Classes: 5
2026-07-10 12:15:59,666 - INFO - Out-of-Sample-Inference estimator: gb
2026-07-10 12:15:59,677 - INFO - Fold 1: drug drug gb...
2026-07-10 12:15:59,678 - INFO - x_trn downsampled to 100 samples for shapiq
2026-07-10 12:17:00,253 - INFO - predictor__colsample_bytree: 0.56
2026-07-10 12:17:00,254 - INFO - predictor__extra_trees: 0.00
2026-07-10 12:17:00,254 - INFO - predictor__path_smooth: 89.82
2026-07-10 12:17:00,885 - INFO - Avg Balanced Accuracy: 100.00
2026-07-10 12:17:00,895 - INFO - Avg Shuffle target Balanced Accuracy: 32.37
2026-07-10 12:17:00,897 - INFO - Results saved. Fold run time: 61.22s
2026-07-10 12:17:00,898 - INFO - Fold 2: drug drug gb...
2026-07-10 12:17:00,899 - INFO - x_trn downsampled to 100 samples for shapiq
2026-07-10 12:17:53,887 - INFO - predictor__colsample_bytree: 0.92
2026-07-10 12:17:53,887 - INFO - predictor__extra_trees: 0.00
2026-07-10 12:17:53,888 - INFO - predictor__path_smooth: 11.01
2026-07-10 12:17:54,900 - INFO - Avg Balanced Accuracy: 100.00
2026-07-10 12:17:54,912 - INFO - Avg Shuffle target Balanced Accuracy: 22.41
2026-07-10 12:17:54,915 - INFO - Results saved. Fold run time: 54.02s
2026-07-10 12:17:54,916 - INFO - Fold 3: drug drug gb...
2026-07-10 12:17:54,917 - INFO - x_trn downsampled to 100 samples for shapiq
2026-07-10 12:18:43,298 - INFO - predictor__colsample_bytree: 0.52
2026-07-10 12:18:43,299 - INFO - predictor__extra_trees: 0.00
2026-07-10 12:18:43,300 - INFO - predictor__path_smooth: 61.25
2026-07-10 12:18:43,969 - INFO - Avg Balanced Accuracy: 100.00
2026-07-10 12:18:43,979 - INFO - Avg Shuffle target Balanced Accuracy: 18.57
2026-07-10 12:18:43,982 - INFO - Results saved. Fold run time: 49.07s
2026-07-10 12:18:43,983 - INFO - Fold 4: drug drug gb...
2026-07-10 12:18:43,983 - INFO - x_trn downsampled to 100 samples for shapiq
2026-07-10 12:19:34,692 - INFO - predictor__colsample_bytree: 0.94
2026-07-10 12:19:34,693 - INFO - predictor__extra_trees: 0.00
2026-07-10 12:19:34,694 - INFO - predictor__path_smooth: 79.10
2026-07-10 12:19:35,460 - INFO - Avg Balanced Accuracy: 99.58
2026-07-10 12:19:35,468 - INFO - Avg Shuffle target Balanced Accuracy: 17.47
2026-07-10 12:19:35,471 - INFO - Results saved. Fold run time: 51.49s
2026-07-10 12:19:35,472 - INFO - Fold 5: drug drug gb...
2026-07-10 12:19:35,472 - INFO - x_trn downsampled to 100 samples for shapiq
2026-07-10 12:20:28,641 - INFO - predictor__colsample_bytree: 0.93
2026-07-10 12:20:28,642 - INFO - predictor__extra_trees: 0.00
2026-07-10 12:20:28,642 - INFO - predictor__path_smooth: 0.34
2026-07-10 12:20:29,949 - INFO - Avg Balanced Accuracy: 97.67
2026-07-10 12:20:29,962 - INFO - Avg Shuffle target Balanced Accuracy: 17.64
2026-07-10 12:20:29,965 - INFO - Results saved. Fold run time: 54.49s
2026-07-10 12:20:29,966 - INFO - Fold 6: drug drug gb...
2026-07-10 12:20:29,967 - INFO - x_trn downsampled to 100 samples for shapiq
2026-07-10 12:21:26,147 - INFO - predictor__colsample_bytree: 0.61
2026-07-10 12:21:26,148 - INFO - predictor__extra_trees: 0.00
2026-07-10 12:21:26,149 - INFO - predictor__path_smooth: 33.64
2026-07-10 12:21:26,878 - INFO - Avg Balanced Accuracy: 97.64
2026-07-10 12:21:26,889 - INFO - Avg Shuffle target Balanced Accuracy: 20.18
2026-07-10 12:21:26,891 - INFO - Results saved. Fold run time: 56.92s
2026-07-10 12:21:26,892 - INFO - Fold 7: drug drug gb...
2026-07-10 12:21:26,892 - INFO - x_trn downsampled to 100 samples for shapiq
2026-07-10 12:22:20,999 - INFO - predictor__colsample_bytree: 0.86
2026-07-10 12:22:20,999 - INFO - predictor__extra_trees: 0.00
2026-07-10 12:22:21,000 - INFO - predictor__path_smooth: 2.08
2026-07-10 12:22:22,006 - INFO - Avg Balanced Accuracy: 97.98
2026-07-10 12:22:22,019 - INFO - Avg Shuffle target Balanced Accuracy: 19.44
2026-07-10 12:22:22,022 - INFO - Results saved. Fold run time: 55.13s
2026-07-10 12:22:22,022 - INFO - Fold 8: drug drug gb...
2026-07-10 12:22:22,023 - INFO - x_trn downsampled to 100 samples for shapiq
2026-07-10 12:23:16,083 - INFO - predictor__colsample_bytree: 0.52
2026-07-10 12:23:16,083 - INFO - predictor__extra_trees: 0.00
2026-07-10 12:23:16,084 - INFO - predictor__path_smooth: 84.70
2026-07-10 12:23:16,745 - INFO - Avg Balanced Accuracy: 96.98
2026-07-10 12:23:16,756 - INFO - Avg Shuffle target Balanced Accuracy: 18.24
2026-07-10 12:23:16,758 - INFO - Results saved. Fold run time: 54.74s
2026-07-10 12:23:16,759 - INFO - Fold 9: drug drug gb...
2026-07-10 12:23:16,760 - INFO - x_trn downsampled to 100 samples for shapiq
2026-07-10 12:24:11,191 - INFO - predictor__colsample_bytree: 0.94
2026-07-10 12:24:11,192 - INFO - predictor__extra_trees: 0.00
2026-07-10 12:24:11,192 - INFO - predictor__path_smooth: 3.66
2026-07-10 12:24:12,161 - INFO - Avg Balanced Accuracy: 97.31
2026-07-10 12:24:12,172 - INFO - Avg Shuffle target Balanced Accuracy: 18.08
2026-07-10 12:24:12,175 - INFO - Results saved. Fold run time: 55.42s
2026-07-10 12:24:12,175 - INFO - Fold 10: drug drug gb...
2026-07-10 12:24:12,176 - INFO - x_trn downsampled to 100 samples for shapiq
2026-07-10 12:25:08,025 - INFO - predictor__colsample_bytree: 0.97
2026-07-10 12:25:08,026 - INFO - predictor__extra_trees: 0.00
2026-07-10 12:25:08,026 - INFO - predictor__path_smooth: 69.19
2026-07-10 12:25:08,831 - INFO - Avg Balanced Accuracy: 97.58
2026-07-10 12:25:08,840 - INFO - Avg Shuffle target Balanced Accuracy: 19.05
2026-07-10 12:25:08,843 - INFO - Results saved. Fold run time: 56.67s
2026-07-10 12:25:08,844 - INFO - Fold 11: drug drug gb...
2026-07-10 12:25:08,845 - INFO - x_trn downsampled to 100 samples for shapiq
2026-07-10 12:26:01,699 - INFO - predictor__colsample_bytree: 0.54
2026-07-10 12:26:01,700 - INFO - predictor__extra_trees: 0.00
2026-07-10 12:26:01,700 - INFO - predictor__path_smooth: 85.56
2026-07-10 12:26:02,331 - INFO - Avg Balanced Accuracy: 97.80
2026-07-10 12:26:02,342 - INFO - Avg Shuffle target Balanced Accuracy: 18.37
2026-07-10 12:26:02,345 - INFO - Results saved. Fold run time: 53.50s
2026-07-10 12:26:02,345 - INFO - Fold 12: drug drug gb...
2026-07-10 12:26:02,346 - INFO - x_trn downsampled to 100 samples for shapiq
2026-07-10 12:26:58,515 - INFO - predictor__colsample_bytree: 0.95
2026-07-10 12:26:58,516 - INFO - predictor__extra_trees: 0.00
2026-07-10 12:26:58,516 - INFO - predictor__path_smooth: 1.55
2026-07-10 12:26:59,630 - INFO - Avg Balanced Accuracy: 96.32
2026-07-10 12:26:59,642 - INFO - Avg Shuffle target Balanced Accuracy: 17.92
2026-07-10 12:26:59,645 - INFO - Results saved. Fold run time: 57.30s
2026-07-10 12:26:59,645 - INFO - Fold 13: drug drug gb...
2026-07-10 12:26:59,646 - INFO - x_trn downsampled to 100 samples for shapiq
2026-07-10 12:27:54,092 - INFO - predictor__colsample_bytree: 0.90
2026-07-10 12:27:54,093 - INFO - predictor__extra_trees: 0.00
2026-07-10 12:27:54,094 - INFO - predictor__path_smooth: 72.82
2026-07-10 12:27:54,907 - INFO - Avg Balanced Accuracy: 96.47
2026-07-10 12:27:54,916 - INFO - Avg Shuffle target Balanced Accuracy: 18.08
2026-07-10 12:27:54,919 - INFO - Results saved. Fold run time: 55.27s
2026-07-10 12:27:54,920 - INFO - Fold 14: drug drug gb...
2026-07-10 12:27:54,920 - INFO - x_trn downsampled to 100 samples for shapiq
2026-07-10 12:28:41,854 - INFO - predictor__colsample_bytree: 0.76
2026-07-10 12:28:41,855 - INFO - predictor__extra_trees: 0.00
2026-07-10 12:28:41,855 - INFO - predictor__path_smooth: 54.46
2026-07-10 12:28:42,598 - INFO - Avg Balanced Accuracy: 96.73
2026-07-10 12:28:42,608 - INFO - Avg Shuffle target Balanced Accuracy: 18.23
2026-07-10 12:28:42,611 - INFO - Results saved. Fold run time: 47.69s
2026-07-10 12:28:42,612 - INFO - Fold 15: drug drug gb...
2026-07-10 12:28:42,613 - INFO - x_trn downsampled to 100 samples for shapiq
2026-07-10 12:29:34,156 - INFO - predictor__colsample_bytree: 0.51
2026-07-10 12:29:34,157 - INFO - predictor__extra_trees: 0.00
2026-07-10 12:29:34,157 - INFO - predictor__path_smooth: 56.42
2026-07-10 12:29:34,839 - INFO - Avg Balanced Accuracy: 96.75
2026-07-10 12:29:34,849 - INFO - Avg Shuffle target Balanced Accuracy: 18.97
2026-07-10 12:29:34,852 - INFO - Results saved. Fold run time: 52.24s
2026-07-10 12:29:34,853 - INFO - Fold 16: drug drug gb...
2026-07-10 12:29:34,854 - INFO - x_trn downsampled to 100 samples for shapiq
2026-07-10 12:30:27,108 - INFO - predictor__colsample_bytree: 0.52
2026-07-10 12:30:27,109 - INFO - predictor__extra_trees: 0.00
2026-07-10 12:30:27,109 - INFO - predictor__path_smooth: 41.11
2026-07-10 12:30:27,826 - INFO - Avg Balanced Accuracy: 96.96
2026-07-10 12:30:27,838 - INFO - Avg Shuffle target Balanced Accuracy: 18.84
2026-07-10 12:30:27,841 - INFO - Results saved. Fold run time: 52.99s
2026-07-10 12:30:27,841 - INFO - Fold 17: drug drug gb...
2026-07-10 12:30:27,842 - INFO - x_trn downsampled to 100 samples for shapiq
2026-07-10 12:31:20,192 - INFO - predictor__colsample_bytree: 0.95
2026-07-10 12:31:20,193 - INFO - predictor__extra_trees: 0.00
2026-07-10 12:31:20,193 - INFO - predictor__path_smooth: 47.44
2026-07-10 12:31:21,051 - INFO - Avg Balanced Accuracy: 97.14
2026-07-10 12:31:21,060 - INFO - Avg Shuffle target Balanced Accuracy: 18.33
2026-07-10 12:31:21,064 - INFO - Results saved. Fold run time: 53.22s
2026-07-10 12:31:21,064 - INFO - Fold 18: drug drug gb...
2026-07-10 12:31:21,065 - INFO - x_trn downsampled to 100 samples for shapiq
2026-07-10 12:32:13,959 - INFO - predictor__colsample_bytree: 0.92
2026-07-10 12:32:13,960 - INFO - predictor__extra_trees: 0.00
2026-07-10 12:32:13,961 - INFO - predictor__path_smooth: 42.41
2026-07-10 12:32:14,802 - INFO - Avg Balanced Accuracy: 97.02
2026-07-10 12:32:14,811 - INFO - Avg Shuffle target Balanced Accuracy: 19.73
2026-07-10 12:32:14,815 - INFO - Results saved. Fold run time: 53.75s
2026-07-10 12:32:14,815 - INFO - Fold 19: drug drug gb...
2026-07-10 12:32:14,816 - INFO - x_trn downsampled to 100 samples for shapiq
2026-07-10 12:33:05,069 - INFO - predictor__colsample_bytree: 0.92
2026-07-10 12:33:05,070 - INFO - predictor__extra_trees: 0.00
2026-07-10 12:33:05,070 - INFO - predictor__path_smooth: 87.97
2026-07-10 12:33:05,808 - INFO - Avg Balanced Accuracy: 96.75
2026-07-10 12:33:05,817 - INFO - Avg Shuffle target Balanced Accuracy: 19.42
2026-07-10 12:33:05,821 - INFO - Results saved. Fold run time: 51.01s
2026-07-10 12:33:05,822 - INFO - Fold 20: drug drug gb...
2026-07-10 12:33:05,823 - INFO - x_trn downsampled to 100 samples for shapiq
2026-07-10 12:33:59,527 - INFO - predictor__colsample_bytree: 0.81
2026-07-10 12:33:59,528 - INFO - predictor__extra_trees: 0.00
2026-07-10 12:33:59,528 - INFO - predictor__path_smooth: 0.15
2026-07-10 12:34:00,856 - INFO - Avg Balanced Accuracy: 96.84
2026-07-10 12:34:00,870 - INFO - Avg Shuffle target Balanced Accuracy: 19.27
2026-07-10 12:34:00,873 - INFO - Results saved. Fold run time: 55.05s
2026-07-10 12:34:00,874 - INFO - Fold 21: drug drug gb...
2026-07-10 12:34:00,875 - INFO - x_trn downsampled to 100 samples for shapiq
2026-07-10 12:34:53,481 - INFO - predictor__colsample_bytree: 0.99
2026-07-10 12:34:53,482 - INFO - predictor__extra_trees: 0.00
2026-07-10 12:34:53,482 - INFO - predictor__path_smooth: 88.92
2026-07-10 12:34:54,216 - INFO - Avg Balanced Accuracy: 96.99
2026-07-10 12:34:54,224 - INFO - Avg Shuffle target Balanced Accuracy: 19.22
2026-07-10 12:34:54,227 - INFO - Results saved. Fold run time: 53.35s
2026-07-10 12:34:54,228 - INFO - Fold 22: drug drug gb...
2026-07-10 12:34:54,228 - INFO - x_trn downsampled to 100 samples for shapiq
2026-07-10 12:35:43,370 - INFO - predictor__colsample_bytree: 0.91
2026-07-10 12:35:43,371 - INFO - predictor__extra_trees: 0.00
2026-07-10 12:35:43,371 - INFO - predictor__path_smooth: 32.56
2026-07-10 12:35:44,231 - INFO - Avg Balanced Accuracy: 97.06
2026-07-10 12:35:44,240 - INFO - Avg Shuffle target Balanced Accuracy: 18.77
2026-07-10 12:35:44,243 - INFO - Results saved. Fold run time: 50.02s
2026-07-10 12:35:44,244 - INFO - Fold 23: drug drug gb...
2026-07-10 12:35:44,245 - INFO - x_trn downsampled to 100 samples for shapiq
2026-07-10 12:36:36,774 - INFO - predictor__colsample_bytree: 0.92
2026-07-10 12:36:36,775 - INFO - predictor__extra_trees: 0.00
2026-07-10 12:36:36,776 - INFO - predictor__path_smooth: 95.92
2026-07-10 12:36:37,522 - INFO - Avg Balanced Accuracy: 97.18
2026-07-10 12:36:37,531 - INFO - Avg Shuffle target Balanced Accuracy: 18.40
2026-07-10 12:36:37,534 - INFO - Results saved. Fold run time: 53.29s
2026-07-10 12:36:37,534 - INFO - Fold 24: drug drug gb...
2026-07-10 12:36:37,535 - INFO - x_trn downsampled to 100 samples for shapiq
2026-07-10 12:37:32,696 - INFO - predictor__colsample_bytree: 0.74
2026-07-10 12:37:32,696 - INFO - predictor__extra_trees: 0.00
2026-07-10 12:37:32,697 - INFO - predictor__path_smooth: 37.55
2026-07-10 12:37:33,486 - INFO - Avg Balanced Accuracy: 97.30
2026-07-10 12:37:33,497 - INFO - Avg Shuffle target Balanced Accuracy: 18.36
2026-07-10 12:37:33,500 - INFO - Results saved. Fold run time: 55.97s
2026-07-10 12:37:33,501 - INFO - Fold 25: drug drug gb...
2026-07-10 12:37:33,502 - INFO - x_trn downsampled to 100 samples for shapiq
2026-07-10 12:38:30,955 - INFO - predictor__colsample_bytree: 0.67
2026-07-10 12:38:30,956 - INFO - predictor__extra_trees: 0.00
2026-07-10 12:38:30,956 - INFO - predictor__path_smooth: 42.65
2026-07-10 12:38:31,650 - INFO - Avg Balanced Accuracy: 97.41
2026-07-10 12:38:31,661 - INFO - Avg Shuffle target Balanced Accuracy: 18.24
2026-07-10 12:38:31,664 - INFO - Results saved. Fold run time: 58.16s
2026-07-10 12:38:31,664 - INFO - Out-of-Sample-Inference started: radon__log_radon
2026-07-10 12:38:31,665 - INFO - Data sliced for log_radon.
2026-07-10 12:38:31,666 - INFO - Target type: continuous | Classes: [None] | Total Classes: None
2026-07-10 12:38:31,666 - INFO - Out-of-Sample-Inference estimator: gb
2026-07-10 12:38:31,670 - INFO - Fold 1: radon log_radon gb...
2026-07-10 12:38:31,670 - INFO - x_trn downsampled to 100 samples for shapiq
2026-07-10 12:38:31,671 - INFO - x_tst downsampled to 100 samples for shapiq
2026-07-10 12:39:13,507 - INFO - predictor__regressor__colsample_bytree: 0.20
2026-07-10 12:39:13,507 - INFO - predictor__regressor__extra_trees: 1.00
2026-07-10 12:39:13,508 - INFO - predictor__regressor__path_smooth: 24.33
2026-07-10 12:39:13,549 - INFO - Avg Mean Absolute Error (MAE): 0.61
2026-07-10 12:39:13,549 - INFO - Avg Coefficient of Determination (Rｲ): 18.88
2026-07-10 12:39:13,553 - INFO - Avg Shuffle target Mean Absolute Error (MAE): 0.71
2026-07-10 12:39:13,554 - INFO - Avg Shuffle target Coefficient of Determination (Rｲ): -6.18
2026-07-10 12:39:13,558 - INFO - Results saved. Fold run time: 41.89s
2026-07-10 12:39:13,559 - INFO - Fold 2: radon log_radon gb...
2026-07-10 12:39:13,560 - INFO - x_trn downsampled to 100 samples for shapiq
2026-07-10 12:39:13,560 - INFO - x_tst downsampled to 100 samples for shapiq
2026-07-10 12:39:53,961 - INFO - predictor__regressor__colsample_bytree: 0.48
2026-07-10 12:39:53,962 - INFO - predictor__regressor__extra_trees: 1.00
2026-07-10 12:39:53,962 - INFO - predictor__regressor__path_smooth: 73.40
2026-07-10 12:39:54,050 - INFO - Avg Mean Absolute Error (MAE): 0.60
2026-07-10 12:39:54,050 - INFO - Avg Coefficient of Determination (Rｲ): 19.13
2026-07-10 12:39:54,058 - INFO - Avg Shuffle target Mean Absolute Error (MAE): 0.69
2026-07-10 12:39:54,058 - INFO - Avg Shuffle target Coefficient of Determination (Rｲ): -4.36
2026-07-10 12:39:54,061 - INFO - Results saved. Fold run time: 40.50s
2026-07-10 12:39:54,061 - INFO - Fold 3: radon log_radon gb...
2026-07-10 12:39:54,062 - INFO - x_trn downsampled to 100 samples for shapiq
2026-07-10 12:39:54,062 - INFO - x_tst downsampled to 100 samples for shapiq
2026-07-10 12:40:36,680 - INFO - predictor__regressor__colsample_bytree: 0.31
2026-07-10 12:40:36,681 - INFO - predictor__regressor__extra_trees: 1.00
2026-07-10 12:40:36,681 - INFO - predictor__regressor__path_smooth: 35.63
2026-07-10 12:40:36,732 - INFO - Avg Mean Absolute Error (MAE): 0.58
2026-07-10 12:40:36,732 - INFO - Avg Coefficient of Determination (Rｲ): 22.86
2026-07-10 12:40:36,738 - INFO - Avg Shuffle target Mean Absolute Error (MAE): 0.69
2026-07-10 12:40:36,739 - INFO - Avg Shuffle target Coefficient of Determination (Rｲ): -6.65
2026-07-10 12:40:36,742 - INFO - Results saved. Fold run time: 42.68s
2026-07-10 12:40:36,742 - INFO - Fold 4: radon log_radon gb...
2026-07-10 12:40:36,743 - INFO - x_trn downsampled to 100 samples for shapiq
2026-07-10 12:40:36,744 - INFO - x_tst downsampled to 100 samples for shapiq
2026-07-10 12:41:13,805 - INFO - predictor__regressor__colsample_bytree: 0.38
2026-07-10 12:41:13,805 - INFO - predictor__regressor__extra_trees: 1.00
2026-07-10 12:41:13,806 - INFO - predictor__regressor__path_smooth: 35.55
2026-07-10 12:41:13,856 - INFO - Avg Mean Absolute Error (MAE): 0.58
2026-07-10 12:41:13,856 - INFO - Avg Coefficient of Determination (Rｲ): 21.46
2026-07-10 12:41:13,862 - INFO - Avg Shuffle target Mean Absolute Error (MAE): 0.68
2026-07-10 12:41:13,863 - INFO - Avg Shuffle target Coefficient of Determination (Rｲ): -5.00
2026-07-10 12:41:13,865 - INFO - Results saved. Fold run time: 37.12s
2026-07-10 12:41:13,866 - INFO - Fold 5: radon log_radon gb...
2026-07-10 12:41:13,866 - INFO - x_trn downsampled to 100 samples for shapiq
2026-07-10 12:41:13,867 - INFO - x_tst downsampled to 100 samples for shapiq
2026-07-10 12:41:53,026 - INFO - predictor__regressor__colsample_bytree: 0.32
2026-07-10 12:41:53,027 - INFO - predictor__regressor__extra_trees: 1.00
2026-07-10 12:41:53,027 - INFO - predictor__regressor__path_smooth: 58.51
2026-07-10 12:41:53,078 - INFO - Avg Mean Absolute Error (MAE): 0.57
2026-07-10 12:41:53,078 - INFO - Avg Coefficient of Determination (Rｲ): 17.43
2026-07-10 12:41:53,083 - INFO - Avg Shuffle target Mean Absolute Error (MAE): 0.66
2026-07-10 12:41:53,084 - INFO - Avg Shuffle target Coefficient of Determination (Rｲ): -4.01
2026-07-10 12:41:53,087 - INFO - Results saved. Fold run time: 39.22s
2026-07-10 12:41:53,089 - INFO - Fold 6: radon log_radon gb...
2026-07-10 12:41:53,090 - INFO - x_trn downsampled to 100 samples for shapiq
2026-07-10 12:41:53,090 - INFO - x_tst downsampled to 100 samples for shapiq
2026-07-10 12:42:30,188 - INFO - predictor__regressor__colsample_bytree: 0.33
2026-07-10 12:42:30,188 - INFO - predictor__regressor__extra_trees: 1.00
2026-07-10 12:42:30,189 - INFO - predictor__regressor__path_smooth: 37.35
2026-07-10 12:42:30,240 - INFO - Avg Mean Absolute Error (MAE): 0.57
2026-07-10 12:42:30,240 - INFO - Avg Coefficient of Determination (Rｲ): 17.35
2026-07-10 12:42:30,246 - INFO - Avg Shuffle target Mean Absolute Error (MAE): 0.65
2026-07-10 12:42:30,246 - INFO - Avg Shuffle target Coefficient of Determination (Rｲ): -2.97
2026-07-10 12:42:30,249 - INFO - Results saved. Fold run time: 37.16s
2026-07-10 12:42:30,249 - INFO - Fold 7: radon log_radon gb...
2026-07-10 12:42:30,250 - INFO - x_trn downsampled to 100 samples for shapiq
2026-07-10 12:42:30,251 - INFO - x_tst downsampled to 100 samples for shapiq
2026-07-10 12:43:08,857 - INFO - predictor__regressor__colsample_bytree: 0.36
2026-07-10 12:43:08,858 - INFO - predictor__regressor__extra_trees: 1.00
2026-07-10 12:43:08,858 - INFO - predictor__regressor__path_smooth: 57.37
2026-07-10 12:43:08,909 - INFO - Avg Mean Absolute Error (MAE): 0.56
2026-07-10 12:43:08,910 - INFO - Avg Coefficient of Determination (Rｲ): 17.72
2026-07-10 12:43:08,915 - INFO - Avg Shuffle target Mean Absolute Error (MAE): 0.64
2026-07-10 12:43:08,916 - INFO - Avg Shuffle target Coefficient of Determination (Rｲ): -2.34
2026-07-10 12:43:08,919 - INFO - Results saved. Fold run time: 38.67s
2026-07-10 12:43:08,919 - INFO - Fold 8: radon log_radon gb...
2026-07-10 12:43:08,920 - INFO - x_trn downsampled to 100 samples for shapiq
2026-07-10 12:43:08,920 - INFO - x_tst downsampled to 100 samples for shapiq
2026-07-10 12:43:47,431 - INFO - predictor__regressor__colsample_bytree: 0.36
2026-07-10 12:43:47,432 - INFO - predictor__regressor__extra_trees: 1.00
2026-07-10 12:43:47,432 - INFO - predictor__regressor__path_smooth: 63.17
2026-07-10 12:43:47,484 - INFO - Avg Mean Absolute Error (MAE): 0.56
2026-07-10 12:43:47,484 - INFO - Avg Coefficient of Determination (Rｲ): 18.89
2026-07-10 12:43:47,490 - INFO - Avg Shuffle target Mean Absolute Error (MAE): 0.65
2026-07-10 12:43:47,490 - INFO - Avg Shuffle target Coefficient of Determination (Rｲ): -2.17
2026-07-10 12:43:47,494 - INFO - Results saved. Fold run time: 38.57s
2026-07-10 12:43:47,494 - INFO - Fold 9: radon log_radon gb...
2026-07-10 12:43:47,495 - INFO - x_trn downsampled to 100 samples for shapiq
2026-07-10 12:43:47,496 - INFO - x_tst downsampled to 100 samples for shapiq
2026-07-10 12:44:25,096 - INFO - predictor__regressor__colsample_bytree: 0.26
2026-07-10 12:44:25,097 - INFO - predictor__regressor__extra_trees: 1.00
2026-07-10 12:44:25,097 - INFO - predictor__regressor__path_smooth: 40.41
2026-07-10 12:44:25,147 - INFO - Avg Mean Absolute Error (MAE): 0.57
2026-07-10 12:44:25,147 - INFO - Avg Coefficient of Determination (Rｲ): 18.71
2026-07-10 12:44:25,153 - INFO - Avg Shuffle target Mean Absolute Error (MAE): 0.65
2026-07-10 12:44:25,153 - INFO - Avg Shuffle target Coefficient of Determination (Rｲ): -2.10
2026-07-10 12:44:25,156 - INFO - Results saved. Fold run time: 37.66s
2026-07-10 12:44:25,157 - INFO - Fold 10: radon log_radon gb...
2026-07-10 12:44:25,158 - INFO - x_trn downsampled to 100 samples for shapiq
2026-07-10 12:44:25,158 - INFO - x_tst downsampled to 100 samples for shapiq
2026-07-10 12:45:01,120 - INFO - predictor__regressor__colsample_bytree: 0.32
2026-07-10 12:45:01,120 - INFO - predictor__regressor__extra_trees: 1.00
2026-07-10 12:45:01,121 - INFO - predictor__regressor__path_smooth: 32.54
2026-07-10 12:45:01,175 - INFO - Avg Mean Absolute Error (MAE): 0.57
2026-07-10 12:45:01,175 - INFO - Avg Coefficient of Determination (Rｲ): 18.57
2026-07-10 12:45:01,181 - INFO - Avg Shuffle target Mean Absolute Error (MAE): 0.65
2026-07-10 12:45:01,181 - INFO - Avg Shuffle target Coefficient of Determination (Rｲ): -1.80
2026-07-10 12:45:01,184 - INFO - Results saved. Fold run time: 36.03s
2026-07-10 12:45:01,186 - INFO - Fold 11: radon log_radon gb...
2026-07-10 12:45:01,187 - INFO - x_trn downsampled to 100 samples for shapiq
2026-07-10 12:45:01,187 - INFO - x_tst downsampled to 100 samples for shapiq
2026-07-10 12:45:39,861 - INFO - predictor__regressor__colsample_bytree: 0.37
2026-07-10 12:45:39,862 - INFO - predictor__regressor__extra_trees: 1.00
2026-07-10 12:45:39,862 - INFO - predictor__regressor__path_smooth: 43.45
2026-07-10 12:45:39,912 - INFO - Avg Mean Absolute Error (MAE): 0.57
2026-07-10 12:45:39,913 - INFO - Avg Coefficient of Determination (Rｲ): 18.16
2026-07-10 12:45:39,918 - INFO - Avg Shuffle target Mean Absolute Error (MAE): 0.65
2026-07-10 12:45:39,919 - INFO - Avg Shuffle target Coefficient of Determination (Rｲ): -1.96
2026-07-10 12:45:39,922 - INFO - Results saved. Fold run time: 38.74s
2026-07-10 12:45:39,922 - INFO - Fold 12: radon log_radon gb...
2026-07-10 12:45:39,923 - INFO - x_trn downsampled to 100 samples for shapiq
2026-07-10 12:45:39,924 - INFO - x_tst downsampled to 100 samples for shapiq
2026-07-10 12:46:18,774 - INFO - predictor__regressor__colsample_bytree: 0.17
2026-07-10 12:46:18,775 - INFO - predictor__regressor__extra_trees: 1.00
2026-07-10 12:46:18,776 - INFO - predictor__regressor__path_smooth: 26.22
2026-07-10 12:46:18,809 - INFO - Avg Mean Absolute Error (MAE): 0.57
2026-07-10 12:46:18,809 - INFO - Avg Coefficient of Determination (Rｲ): 17.53
2026-07-10 12:46:18,814 - INFO - Avg Shuffle target Mean Absolute Error (MAE): 0.65
2026-07-10 12:46:18,814 - INFO - Avg Shuffle target Coefficient of Determination (Rｲ): -2.46
2026-07-10 12:46:18,817 - INFO - Results saved. Fold run time: 38.89s
2026-07-10 12:46:18,818 - INFO - Fold 13: radon log_radon gb...
2026-07-10 12:46:18,819 - INFO - x_trn downsampled to 100 samples for shapiq
2026-07-10 12:46:18,819 - INFO - x_tst downsampled to 100 samples for shapiq
2026-07-10 12:46:59,239 - INFO - predictor__regressor__colsample_bytree: 0.36
2026-07-10 12:46:59,240 - INFO - predictor__regressor__extra_trees: 1.00
2026-07-10 12:46:59,240 - INFO - predictor__regressor__path_smooth: 76.49
2026-07-10 12:46:59,290 - INFO - Avg Mean Absolute Error (MAE): 0.58
2026-07-10 12:46:59,290 - INFO - Avg Coefficient of Determination (Rｲ): 17.59
2026-07-10 12:46:59,296 - INFO - Avg Shuffle target Mean Absolute Error (MAE): 0.66
2026-07-10 12:46:59,296 - INFO - Avg Shuffle target Coefficient of Determination (Rｲ): -2.65
2026-07-10 12:46:59,299 - INFO - Results saved. Fold run time: 40.48s
2026-07-10 12:46:59,300 - INFO - Fold 14: radon log_radon gb...
2026-07-10 12:46:59,300 - INFO - x_trn downsampled to 100 samples for shapiq
2026-07-10 12:46:59,301 - INFO - x_tst downsampled to 100 samples for shapiq
2026-07-10 12:47:40,991 - INFO - predictor__regressor__colsample_bytree: 0.30
2026-07-10 12:47:40,991 - INFO - predictor__regressor__extra_trees: 1.00
2026-07-10 12:47:40,992 - INFO - predictor__regressor__path_smooth: 38.05
2026-07-10 12:47:41,043 - INFO - Avg Mean Absolute Error (MAE): 0.57
2026-07-10 12:47:41,043 - INFO - Avg Coefficient of Determination (Rｲ): 17.83
2026-07-10 12:47:41,049 - INFO - Avg Shuffle target Mean Absolute Error (MAE): 0.65
2026-07-10 12:47:41,050 - INFO - Avg Shuffle target Coefficient of Determination (Rｲ): -1.99
2026-07-10 12:47:41,053 - INFO - Results saved. Fold run time: 41.75s
2026-07-10 12:47:41,053 - INFO - Fold 15: radon log_radon gb...
2026-07-10 12:47:41,054 - INFO - x_trn downsampled to 100 samples for shapiq
2026-07-10 12:47:41,055 - INFO - x_tst downsampled to 100 samples for shapiq
2026-07-10 12:48:16,035 - INFO - predictor__regressor__colsample_bytree: 0.40
2026-07-10 12:48:16,036 - INFO - predictor__regressor__extra_trees: 1.00
2026-07-10 12:48:16,036 - INFO - predictor__regressor__path_smooth: 66.42
2026-07-10 12:48:16,086 - INFO - Avg Mean Absolute Error (MAE): 0.57
2026-07-10 12:48:16,087 - INFO - Avg Coefficient of Determination (Rｲ): 18.16
2026-07-10 12:48:16,093 - INFO - Avg Shuffle target Mean Absolute Error (MAE): 0.65
2026-07-10 12:48:16,093 - INFO - Avg Shuffle target Coefficient of Determination (Rｲ): -1.43
2026-07-10 12:48:16,096 - INFO - Results saved. Fold run time: 35.04s
2026-07-10 12:48:16,099 - INFO - Fold 16: radon log_radon gb...
2026-07-10 12:48:16,099 - INFO - x_trn downsampled to 100 samples for shapiq
2026-07-10 12:48:16,100 - INFO - x_tst downsampled to 100 samples for shapiq
2026-07-10 12:48:55,871 - INFO - predictor__regressor__colsample_bytree: 0.18
2026-07-10 12:48:55,872 - INFO - predictor__regressor__extra_trees: 1.00
2026-07-10 12:48:55,872 - INFO - predictor__regressor__path_smooth: 6.98
2026-07-10 12:48:55,906 - INFO - Avg Mean Absolute Error (MAE): 0.57
2026-07-10 12:48:55,906 - INFO - Avg Coefficient of Determination (Rｲ): 17.99
2026-07-10 12:48:55,910 - INFO - Avg Shuffle target Mean Absolute Error (MAE): 0.65
2026-07-10 12:48:55,911 - INFO - Avg Shuffle target Coefficient of Determination (Rｲ): -1.84
2026-07-10 12:48:55,914 - INFO - Results saved. Fold run time: 39.82s
2026-07-10 12:48:55,915 - INFO - Fold 17: radon log_radon gb...
2026-07-10 12:48:55,916 - INFO - x_trn downsampled to 100 samples for shapiq
2026-07-10 12:48:55,916 - INFO - x_tst downsampled to 100 samples for shapiq
2026-07-10 12:49:33,482 - INFO - predictor__regressor__colsample_bytree: 0.31
2026-07-10 12:49:33,483 - INFO - predictor__regressor__extra_trees: 1.00
2026-07-10 12:49:33,483 - INFO - predictor__regressor__path_smooth: 61.64
2026-07-10 12:49:33,543 - INFO - Avg Mean Absolute Error (MAE): 0.57
2026-07-10 12:49:33,543 - INFO - Avg Coefficient of Determination (Rｲ): 17.88
2026-07-10 12:49:33,549 - INFO - Avg Shuffle target Mean Absolute Error (MAE): 0.65
2026-07-10 12:49:33,549 - INFO - Avg Shuffle target Coefficient of Determination (Rｲ): -1.57
2026-07-10 12:49:33,553 - INFO - Results saved. Fold run time: 37.64s
2026-07-10 12:49:33,553 - INFO - Fold 18: radon log_radon gb...
2026-07-10 12:49:33,554 - INFO - x_trn downsampled to 100 samples for shapiq
2026-07-10 12:49:33,554 - INFO - x_tst downsampled to 100 samples for shapiq
2026-07-10 12:50:10,659 - INFO - predictor__regressor__colsample_bytree: 0.42
2026-07-10 12:50:10,659 - INFO - predictor__regressor__extra_trees: 1.00
2026-07-10 12:50:10,660 - INFO - predictor__regressor__path_smooth: 59.74
2026-07-10 12:50:10,716 - INFO - Avg Mean Absolute Error (MAE): 0.57
2026-07-10 12:50:10,717 - INFO - Avg Coefficient of Determination (Rｲ): 18.07
2026-07-10 12:50:10,723 - INFO - Avg Shuffle target Mean Absolute Error (MAE): 0.65
2026-07-10 12:50:10,724 - INFO - Avg Shuffle target Coefficient of Determination (Rｲ): -1.53
2026-07-10 12:50:10,727 - INFO - Results saved. Fold run time: 37.17s
2026-07-10 12:50:10,727 - INFO - Fold 19: radon log_radon gb...
2026-07-10 12:50:10,728 - INFO - x_trn downsampled to 100 samples for shapiq
2026-07-10 12:50:10,729 - INFO - x_tst downsampled to 100 samples for shapiq
2026-07-10 12:50:49,410 - INFO - predictor__regressor__colsample_bytree: 0.37
2026-07-10 12:50:49,410 - INFO - predictor__regressor__extra_trees: 1.00
2026-07-10 12:50:49,411 - INFO - predictor__regressor__path_smooth: 66.78
2026-07-10 12:50:49,462 - INFO - Avg Mean Absolute Error (MAE): 0.57
2026-07-10 12:50:49,463 - INFO - Avg Coefficient of Determination (Rｲ): 18.30
2026-07-10 12:50:49,469 - INFO - Avg Shuffle target Mean Absolute Error (MAE): 0.65
2026-07-10 12:50:49,469 - INFO - Avg Shuffle target Coefficient of Determination (Rｲ): -1.43
2026-07-10 12:50:49,474 - INFO - Results saved. Fold run time: 38.75s
2026-07-10 12:50:49,475 - INFO - Fold 20: radon log_radon gb...
2026-07-10 12:50:49,476 - INFO - x_trn downsampled to 100 samples for shapiq
2026-07-10 12:50:49,476 - INFO - x_tst downsampled to 100 samples for shapiq
2026-07-10 12:51:25,516 - INFO - predictor__regressor__colsample_bytree: 0.08
2026-07-10 12:51:25,517 - INFO - predictor__regressor__extra_trees: 1.00
2026-07-10 12:51:25,518 - INFO - predictor__regressor__path_smooth: 12.69
2026-07-10 12:51:25,550 - INFO - Avg Mean Absolute Error (MAE): 0.57
2026-07-10 12:51:25,551 - INFO - Avg Coefficient of Determination (Rｲ): 18.55
2026-07-10 12:51:25,555 - INFO - Avg Shuffle target Mean Absolute Error (MAE): 0.65
2026-07-10 12:51:25,556 - INFO - Avg Shuffle target Coefficient of Determination (Rｲ): -0.96
2026-07-10 12:51:25,559 - INFO - Results saved. Fold run time: 36.08s
2026-07-10 12:51:25,561 - INFO - Fold 21: radon log_radon gb...
2026-07-10 12:51:25,562 - INFO - x_trn downsampled to 100 samples for shapiq
2026-07-10 12:51:25,562 - INFO - x_tst downsampled to 100 samples for shapiq
2026-07-10 12:52:06,105 - INFO - predictor__regressor__colsample_bytree: 0.31
2026-07-10 12:52:06,106 - INFO - predictor__regressor__extra_trees: 1.00
2026-07-10 12:52:06,106 - INFO - predictor__regressor__path_smooth: 58.24
2026-07-10 12:52:06,158 - INFO - Avg Mean Absolute Error (MAE): 0.57
2026-07-10 12:52:06,158 - INFO - Avg Coefficient of Determination (Rｲ): 18.61
2026-07-10 12:52:06,164 - INFO - Avg Shuffle target Mean Absolute Error (MAE): 0.65
2026-07-10 12:52:06,164 - INFO - Avg Shuffle target Coefficient of Determination (Rｲ): -0.64
2026-07-10 12:52:06,168 - INFO - Results saved. Fold run time: 40.61s
2026-07-10 12:52:06,168 - INFO - Fold 22: radon log_radon gb...
2026-07-10 12:52:06,169 - INFO - x_trn downsampled to 100 samples for shapiq
2026-07-10 12:52:06,170 - INFO - x_tst downsampled to 100 samples for shapiq
2026-07-10 12:52:43,090 - INFO - predictor__regressor__colsample_bytree: 0.41
2026-07-10 12:52:43,091 - INFO - predictor__regressor__extra_trees: 1.00
2026-07-10 12:52:43,092 - INFO - predictor__regressor__path_smooth: 43.58
2026-07-10 12:52:43,142 - INFO - Avg Mean Absolute Error (MAE): 0.57
2026-07-10 12:52:43,142 - INFO - Avg Coefficient of Determination (Rｲ): 18.63
2026-07-10 12:52:43,149 - INFO - Avg Shuffle target Mean Absolute Error (MAE): 0.65
2026-07-10 12:52:43,150 - INFO - Avg Shuffle target Coefficient of Determination (Rｲ): -1.15
2026-07-10 12:52:43,154 - INFO - Results saved. Fold run time: 36.98s
2026-07-10 12:52:43,154 - INFO - Fold 23: radon log_radon gb...
2026-07-10 12:52:43,155 - INFO - x_trn downsampled to 100 samples for shapiq
2026-07-10 12:52:43,155 - INFO - x_tst downsampled to 100 samples for shapiq
2026-07-10 12:53:23,841 - INFO - predictor__regressor__colsample_bytree: 0.41
2026-07-10 12:53:23,841 - INFO - predictor__regressor__extra_trees: 1.00
2026-07-10 12:53:23,841 - INFO - predictor__regressor__path_smooth: 93.35
2026-07-10 12:53:23,890 - INFO - Avg Mean Absolute Error (MAE): 0.57
2026-07-10 12:53:23,890 - INFO - Avg Coefficient of Determination (Rｲ): 18.58
2026-07-10 12:53:23,895 - INFO - Avg Shuffle target Mean Absolute Error (MAE): 0.65
2026-07-10 12:53:23,896 - INFO - Avg Shuffle target Coefficient of Determination (Rｲ): -1.14
2026-07-10 12:53:23,899 - INFO - Results saved. Fold run time: 40.74s
2026-07-10 12:53:23,900 - INFO - Fold 24: radon log_radon gb...
2026-07-10 12:53:23,901 - INFO - x_trn downsampled to 100 samples for shapiq
2026-07-10 12:53:23,901 - INFO - x_tst downsampled to 100 samples for shapiq
2026-07-10 12:53:59,696 - INFO - predictor__regressor__colsample_bytree: 0.22
2026-07-10 12:53:59,696 - INFO - predictor__regressor__extra_trees: 1.00
2026-07-10 12:53:59,697 - INFO - predictor__regressor__path_smooth: 10.04
2026-07-10 12:53:59,730 - INFO - Avg Mean Absolute Error (MAE): 0.57
2026-07-10 12:53:59,730 - INFO - Avg Coefficient of Determination (Rｲ): 18.42
2026-07-10 12:53:59,734 - INFO - Avg Shuffle target Mean Absolute Error (MAE): 0.65
2026-07-10 12:53:59,735 - INFO - Avg Shuffle target Coefficient of Determination (Rｲ): -1.17
2026-07-10 12:53:59,738 - INFO - Results saved. Fold run time: 35.84s
2026-07-10 12:53:59,738 - INFO - Fold 25: radon log_radon gb...
2026-07-10 12:53:59,739 - INFO - x_trn downsampled to 100 samples for shapiq
2026-07-10 12:53:59,740 - INFO - x_tst downsampled to 100 samples for shapiq
2026-07-10 12:54:42,122 - INFO - predictor__regressor__colsample_bytree: 0.28
2026-07-10 12:54:42,123 - INFO - predictor__regressor__extra_trees: 1.00
2026-07-10 12:54:42,123 - INFO - predictor__regressor__path_smooth: 95.44
2026-07-10 12:54:42,177 - INFO - Avg Mean Absolute Error (MAE): 0.57
2026-07-10 12:54:42,177 - INFO - Avg Coefficient of Determination (Rｲ): 18.69
2026-07-10 12:54:42,185 - INFO - Avg Shuffle target Mean Absolute Error (MAE): 0.65
2026-07-10 12:54:42,185 - INFO - Avg Shuffle target Coefficient of Determination (Rｲ): -1.37
2026-07-10 12:54:42,189 - INFO - Results saved. Fold run time: 42.45s
2026-07-10 12:54:42,189 - INFO - Out-of-Sample-Inference finished.
