2026-07-10 11:22:07,098 - INFO - Logging established
2026-07-10 11:22:07,099 - INFO - Logs save at: ../logs/oosi_1_mdl.log
2026-07-10 11:22:07,141 - INFO - OS: Windows 11
2026-07-10 11:22:07,141 - INFO - Python Version: 3.13.13
2026-07-10 11:22:07,141 - INFO - Dependencies save at: ../logs/requirements_oosi_1_mdl.txt
2026-07-10 11:22:07,142 - INFO - Config names loaded: drug, radon
2026-07-10 11:22:07,145 - INFO - Config file name to load: ../configs/oosi_configs_drug.yaml
2026-07-10 11:22:07,145 - INFO - Config file name to load: ../configs/oosi_configs_radon.yaml
2026-07-10 11:22:07,245 - INFO - Config and data loaded: ../configs/oosi_configs_drug.yaml
2026-07-10 11:22:07,302 - INFO - Config and data loaded: ../configs/oosi_configs_radon.yaml
2026-07-10 11:22:07,302 - INFO - Out-of-Sample-Inference started: drug__drug
2026-07-10 11:22:07,303 - INFO - Data sliced for drug.
2026-07-10 11:22:07,305 - INFO - Target type: multiclass | Classes: [0 1 2 3 4] | Total Classes: 5
2026-07-10 11:22:07,305 - INFO - Out-of-Sample-Inference estimator: gb
2026-07-10 11:22:07,315 - INFO - Fold 1: drug drug gb...
2026-07-10 11:22:07,316 - INFO - x_trn downsampled to 100 samples for shapiq
2026-07-10 11:22:56,519 - INFO - predictor__colsample_bytree: 0.54
2026-07-10 11:22:56,520 - INFO - predictor__extra_trees: 0.00
2026-07-10 11:22:56,520 - INFO - predictor__path_smooth: 28.11
2026-07-10 11:22:57,243 - INFO - Avg Balanced Accuracy: 100.00
2026-07-10 11:22:57,253 - INFO - Avg Shuffle target Balanced Accuracy: 23.65
2026-07-10 11:22:57,256 - INFO - Results saved. Fold run time: 49.94s
2026-07-10 11:22:57,257 - INFO - Fold 2: drug drug gb...
2026-07-10 11:22:57,257 - INFO - x_trn downsampled to 100 samples for shapiq
2026-07-10 11:23:39,455 - INFO - predictor__colsample_bytree: 0.93
2026-07-10 11:23:39,456 - INFO - predictor__extra_trees: 0.00
2026-07-10 11:23:39,456 - INFO - predictor__path_smooth: 19.19
2026-07-10 11:23:40,358 - INFO - Avg Balanced Accuracy: 100.00
2026-07-10 11:23:40,368 - INFO - Avg Shuffle target Balanced Accuracy: 37.87
2026-07-10 11:23:40,370 - INFO - Results saved. Fold run time: 43.11s
2026-07-10 11:23:40,371 - INFO - Fold 3: drug drug gb...
2026-07-10 11:23:40,372 - INFO - x_trn downsampled to 100 samples for shapiq
2026-07-10 11:24:23,875 - INFO - predictor__colsample_bytree: 0.90
2026-07-10 11:24:23,876 - INFO - predictor__extra_trees: 0.00
2026-07-10 11:24:23,876 - INFO - predictor__path_smooth: 78.45
2026-07-10 11:24:24,597 - INFO - Avg Balanced Accuracy: 100.00
2026-07-10 11:24:24,605 - INFO - Avg Shuffle target Balanced Accuracy: 30.27
2026-07-10 11:24:24,607 - INFO - Results saved. Fold run time: 44.24s
2026-07-10 11:24:24,608 - INFO - Fold 4: drug drug gb...
2026-07-10 11:24:24,608 - INFO - x_trn downsampled to 100 samples for shapiq
2026-07-10 11:25:05,008 - INFO - predictor__colsample_bytree: 0.78
2026-07-10 11:25:05,009 - INFO - predictor__extra_trees: 0.00
2026-07-10 11:25:05,009 - INFO - predictor__path_smooth: 11.40
2026-07-10 11:25:05,900 - INFO - Avg Balanced Accuracy: 99.58
2026-07-10 11:25:05,911 - INFO - Avg Shuffle target Balanced Accuracy: 27.60
2026-07-10 11:25:05,914 - INFO - Results saved. Fold run time: 41.31s
2026-07-10 11:25:05,914 - INFO - Fold 5: drug drug gb...
2026-07-10 11:25:05,915 - INFO - x_trn downsampled to 100 samples for shapiq
2026-07-10 11:25:48,971 - INFO - predictor__colsample_bytree: 0.63
2026-07-10 11:25:48,971 - INFO - predictor__extra_trees: 0.00
2026-07-10 11:25:48,972 - INFO - predictor__path_smooth: 30.47
2026-07-10 11:25:49,709 - INFO - Avg Balanced Accuracy: 97.67
2026-07-10 11:25:49,720 - INFO - Avg Shuffle target Balanced Accuracy: 28.01
2026-07-10 11:25:49,723 - INFO - Results saved. Fold run time: 43.81s
2026-07-10 11:25:49,724 - INFO - Fold 6: drug drug gb...
2026-07-10 11:25:49,725 - INFO - x_trn downsampled to 100 samples for shapiq
2026-07-10 11:26:33,837 - INFO - predictor__colsample_bytree: 0.72
2026-07-10 11:26:33,837 - INFO - predictor__extra_trees: 0.00
2026-07-10 11:26:33,838 - INFO - predictor__path_smooth: 33.34
2026-07-10 11:26:34,629 - INFO - Avg Balanced Accuracy: 97.64
2026-07-10 11:26:34,640 - INFO - Avg Shuffle target Balanced Accuracy: 25.24
2026-07-10 11:26:34,643 - INFO - Results saved. Fold run time: 44.92s
2026-07-10 11:26:34,644 - INFO - Fold 7: drug drug gb...
2026-07-10 11:26:34,645 - INFO - x_trn downsampled to 100 samples for shapiq
2026-07-10 11:27:19,194 - INFO - predictor__colsample_bytree: 0.83
2026-07-10 11:27:19,195 - INFO - predictor__extra_trees: 0.00
2026-07-10 11:27:19,195 - INFO - predictor__path_smooth: 8.11
2026-07-10 11:27:20,085 - INFO - Avg Balanced Accuracy: 97.98
2026-07-10 11:27:20,097 - INFO - Avg Shuffle target Balanced Accuracy: 23.60
2026-07-10 11:27:20,100 - INFO - Results saved. Fold run time: 45.46s
2026-07-10 11:27:20,100 - INFO - Fold 8: drug drug gb...
2026-07-10 11:27:20,101 - INFO - x_trn downsampled to 100 samples for shapiq
2026-07-10 11:28:04,243 - INFO - predictor__colsample_bytree: 0.93
2026-07-10 11:28:04,244 - INFO - predictor__extra_trees: 1.00
2026-07-10 11:28:04,245 - INFO - predictor__path_smooth: 5.24
2026-07-10 11:28:04,868 - INFO - Avg Balanced Accuracy: 96.85
2026-07-10 11:28:04,880 - INFO - Avg Shuffle target Balanced Accuracy: 23.84
2026-07-10 11:28:04,883 - INFO - Results saved. Fold run time: 44.78s
2026-07-10 11:28:04,884 - INFO - Fold 9: drug drug gb...
2026-07-10 11:28:04,885 - INFO - x_trn downsampled to 100 samples for shapiq
2026-07-10 11:28:51,117 - INFO - predictor__colsample_bytree: 0.82
2026-07-10 11:28:51,118 - INFO - predictor__extra_trees: 0.00
2026-07-10 11:28:51,119 - INFO - predictor__path_smooth: 78.64
2026-07-10 11:28:51,813 - INFO - Avg Balanced Accuracy: 97.20
2026-07-10 11:28:51,822 - INFO - Avg Shuffle target Balanced Accuracy: 24.56
2026-07-10 11:28:51,825 - INFO - Results saved. Fold run time: 46.94s
2026-07-10 11:28:51,826 - INFO - Fold 10: drug drug gb...
2026-07-10 11:28:51,827 - INFO - x_trn downsampled to 100 samples for shapiq
2026-07-10 11:29:36,025 - INFO - predictor__colsample_bytree: 0.93
2026-07-10 11:29:36,026 - INFO - predictor__extra_trees: 0.00
2026-07-10 11:29:36,027 - INFO - predictor__path_smooth: 61.91
2026-07-10 11:29:36,804 - INFO - Avg Balanced Accuracy: 97.48
2026-07-10 11:29:36,813 - INFO - Avg Shuffle target Balanced Accuracy: 23.59
2026-07-10 11:29:36,816 - INFO - Results saved. Fold run time: 44.99s
2026-07-10 11:29:36,818 - INFO - Fold 11: drug drug gb...
2026-07-10 11:29:36,819 - INFO - x_trn downsampled to 100 samples for shapiq
2026-07-10 11:30:18,603 - INFO - predictor__colsample_bytree: 1.00
2026-07-10 11:30:18,604 - INFO - predictor__extra_trees: 0.00
2026-07-10 11:30:18,605 - INFO - predictor__path_smooth: 6.53
2026-07-10 11:30:19,577 - INFO - Avg Balanced Accuracy: 97.71
2026-07-10 11:30:19,588 - INFO - Avg Shuffle target Balanced Accuracy: 23.31
2026-07-10 11:30:19,591 - INFO - Results saved. Fold run time: 42.77s
2026-07-10 11:30:19,591 - INFO - Fold 12: drug drug gb...
2026-07-10 11:30:19,592 - INFO - x_trn downsampled to 100 samples for shapiq
2026-07-10 11:31:05,115 - INFO - predictor__colsample_bytree: 0.95
2026-07-10 11:31:05,116 - INFO - predictor__extra_trees: 0.00
2026-07-10 11:31:05,117 - INFO - predictor__path_smooth: 85.15
2026-07-10 11:31:05,872 - INFO - Avg Balanced Accuracy: 97.90
2026-07-10 11:31:05,881 - INFO - Avg Shuffle target Balanced Accuracy: 23.01
2026-07-10 11:31:05,884 - INFO - Results saved. Fold run time: 46.29s
2026-07-10 11:31:05,885 - INFO - Fold 13: drug drug gb...
2026-07-10 11:31:05,886 - INFO - x_trn downsampled to 100 samples for shapiq
2026-07-10 11:31:51,138 - INFO - predictor__colsample_bytree: 0.92
2026-07-10 11:31:51,139 - INFO - predictor__extra_trees: 0.00
2026-07-10 11:31:51,139 - INFO - predictor__path_smooth: 18.64
2026-07-10 11:31:52,029 - INFO - Avg Balanced Accuracy: 97.93
2026-07-10 11:31:52,039 - INFO - Avg Shuffle target Balanced Accuracy: 22.85
2026-07-10 11:31:52,041 - INFO - Results saved. Fold run time: 46.16s
2026-07-10 11:31:52,042 - INFO - Fold 14: drug drug gb...
2026-07-10 11:31:52,043 - INFO - x_trn downsampled to 100 samples for shapiq
2026-07-10 11:32:36,542 - INFO - predictor__colsample_bytree: 0.82
2026-07-10 11:32:36,543 - INFO - predictor__extra_trees: 0.00
2026-07-10 11:32:36,543 - INFO - predictor__path_smooth: 65.20
2026-07-10 11:32:37,292 - INFO - Avg Balanced Accuracy: 98.08
2026-07-10 11:32:37,302 - INFO - Avg Shuffle target Balanced Accuracy: 22.63
2026-07-10 11:32:37,305 - INFO - Results saved. Fold run time: 45.26s
2026-07-10 11:32:37,306 - INFO - Fold 15: drug drug gb...
2026-07-10 11:32:37,306 - INFO - x_trn downsampled to 100 samples for shapiq
2026-07-10 11:33:20,130 - INFO - predictor__colsample_bytree: 0.76
2026-07-10 11:33:20,131 - INFO - predictor__extra_trees: 0.00
2026-07-10 11:33:20,131 - INFO - predictor__path_smooth: 1.97
2026-07-10 11:33:21,155 - INFO - Avg Balanced Accuracy: 97.83
2026-07-10 11:33:21,169 - INFO - Avg Shuffle target Balanced Accuracy: 22.38
2026-07-10 11:33:21,172 - INFO - Results saved. Fold run time: 43.87s
2026-07-10 11:33:21,173 - INFO - Fold 16: drug drug gb...
2026-07-10 11:33:21,174 - INFO - x_trn downsampled to 100 samples for shapiq
2026-07-10 11:34:05,771 - INFO - predictor__colsample_bytree: 0.51
2026-07-10 11:34:05,772 - INFO - predictor__extra_trees: 0.00
2026-07-10 11:34:05,772 - INFO - predictor__path_smooth: 44.25
2026-07-10 11:34:06,460 - INFO - Avg Balanced Accuracy: 97.96
2026-07-10 11:34:06,472 - INFO - Avg Shuffle target Balanced Accuracy: 22.12
2026-07-10 11:34:06,475 - INFO - Results saved. Fold run time: 45.30s
2026-07-10 11:34:06,476 - INFO - Fold 17: drug drug gb...
2026-07-10 11:34:06,476 - INFO - x_trn downsampled to 100 samples for shapiq
2026-07-10 11:34:52,027 - INFO - predictor__colsample_bytree: 0.88
2026-07-10 11:34:52,028 - INFO - predictor__extra_trees: 0.00
2026-07-10 11:34:52,029 - INFO - predictor__path_smooth: 6.54
2026-07-10 11:34:52,954 - INFO - Avg Balanced Accuracy: 98.08
2026-07-10 11:34:52,967 - INFO - Avg Shuffle target Balanced Accuracy: 22.74
2026-07-10 11:34:52,970 - INFO - Results saved. Fold run time: 46.49s
2026-07-10 11:34:52,970 - INFO - Fold 18: drug drug gb...
2026-07-10 11:34:52,971 - INFO - x_trn downsampled to 100 samples for shapiq
2026-07-10 11:35:36,769 - INFO - predictor__colsample_bytree: 0.94
2026-07-10 11:35:36,769 - INFO - predictor__extra_trees: 0.00
2026-07-10 11:35:36,770 - INFO - predictor__path_smooth: 35.89
2026-07-10 11:35:37,607 - INFO - Avg Balanced Accuracy: 97.91
2026-07-10 11:35:37,617 - INFO - Avg Shuffle target Balanced Accuracy: 22.26
2026-07-10 11:35:37,620 - INFO - Results saved. Fold run time: 44.65s
2026-07-10 11:35:37,621 - INFO - Fold 19: drug drug gb...
2026-07-10 11:35:37,622 - INFO - x_trn downsampled to 100 samples for shapiq
2026-07-10 11:36:21,567 - INFO - predictor__colsample_bytree: 0.97
2026-07-10 11:36:21,568 - INFO - predictor__extra_trees: 0.00
2026-07-10 11:36:21,568 - INFO - predictor__path_smooth: 6.81
2026-07-10 11:36:22,508 - INFO - Avg Balanced Accuracy: 97.60
2026-07-10 11:36:22,518 - INFO - Avg Shuffle target Balanced Accuracy: 21.77
2026-07-10 11:36:22,522 - INFO - Results saved. Fold run time: 44.90s
2026-07-10 11:36:22,522 - INFO - Fold 20: drug drug gb...
2026-07-10 11:36:22,523 - INFO - x_trn downsampled to 100 samples for shapiq
2026-07-10 11:37:07,468 - INFO - predictor__colsample_bytree: 0.69
2026-07-10 11:37:07,468 - INFO - predictor__extra_trees: 0.00
2026-07-10 11:37:07,469 - INFO - predictor__path_smooth: 22.52
2026-07-10 11:37:08,245 - INFO - Avg Balanced Accuracy: 97.65
2026-07-10 11:37:08,257 - INFO - Avg Shuffle target Balanced Accuracy: 21.99
2026-07-10 11:37:08,260 - INFO - Results saved. Fold run time: 45.74s
2026-07-10 11:37:08,261 - INFO - Fold 21: drug drug gb...
2026-07-10 11:37:08,262 - INFO - x_trn downsampled to 100 samples for shapiq
2026-07-10 11:37:52,710 - INFO - predictor__colsample_bytree: 0.95
2026-07-10 11:37:52,711 - INFO - predictor__extra_trees: 0.00
2026-07-10 11:37:52,711 - INFO - predictor__path_smooth: 22.57
2026-07-10 11:37:53,610 - INFO - Avg Balanced Accuracy: 97.76
2026-07-10 11:37:53,621 - INFO - Avg Shuffle target Balanced Accuracy: 22.14
2026-07-10 11:37:53,624 - INFO - Results saved. Fold run time: 45.36s
2026-07-10 11:37:53,624 - INFO - Fold 22: drug drug gb...
2026-07-10 11:37:53,625 - INFO - x_trn downsampled to 100 samples for shapiq
2026-07-10 11:38:36,201 - INFO - predictor__colsample_bytree: 0.98
2026-07-10 11:38:36,202 - INFO - predictor__extra_trees: 0.00
2026-07-10 11:38:36,202 - INFO - predictor__path_smooth: 49.66
2026-07-10 11:38:37,026 - INFO - Avg Balanced Accuracy: 97.79
2026-07-10 11:38:37,036 - INFO - Avg Shuffle target Balanced Accuracy: 22.10
2026-07-10 11:38:37,039 - INFO - Results saved. Fold run time: 43.41s
2026-07-10 11:38:37,039 - INFO - Fold 23: drug drug gb...
2026-07-10 11:38:37,040 - INFO - x_trn downsampled to 100 samples for shapiq
2026-07-10 11:39:20,031 - INFO - predictor__colsample_bytree: 0.70
2026-07-10 11:39:20,032 - INFO - predictor__extra_trees: 0.00
2026-07-10 11:39:20,032 - INFO - predictor__path_smooth: 4.77
2026-07-10 11:39:20,987 - INFO - Avg Balanced Accuracy: 97.88
2026-07-10 11:39:21,000 - INFO - Avg Shuffle target Balanced Accuracy: 21.68
2026-07-10 11:39:21,003 - INFO - Results saved. Fold run time: 43.96s
2026-07-10 11:39:21,003 - INFO - Fold 24: drug drug gb...
2026-07-10 11:39:21,004 - INFO - x_trn downsampled to 100 samples for shapiq
2026-07-10 11:40:07,712 - INFO - predictor__colsample_bytree: 0.95
2026-07-10 11:40:07,713 - INFO - predictor__extra_trees: 1.00
2026-07-10 11:40:07,713 - INFO - predictor__path_smooth: 9.17
2026-07-10 11:40:08,283 - INFO - Avg Balanced Accuracy: 97.69
2026-07-10 11:40:08,295 - INFO - Avg Shuffle target Balanced Accuracy: 21.74
2026-07-10 11:40:08,298 - INFO - Results saved. Fold run time: 47.29s
2026-07-10 11:40:08,298 - INFO - Fold 25: drug drug gb...
2026-07-10 11:40:08,299 - INFO - x_trn downsampled to 100 samples for shapiq
2026-07-10 11:40:51,950 - INFO - predictor__colsample_bytree: 0.55
2026-07-10 11:40:51,951 - INFO - predictor__extra_trees: 0.00
2026-07-10 11:40:51,951 - INFO - predictor__path_smooth: 11.52
2026-07-10 11:40:52,743 - INFO - Avg Balanced Accuracy: 97.79
2026-07-10 11:40:52,757 - INFO - Avg Shuffle target Balanced Accuracy: 21.89
2026-07-10 11:40:52,759 - INFO - Results saved. Fold run time: 44.46s
2026-07-10 11:40:52,760 - INFO - Out-of-Sample-Inference started: radon__log_radon
2026-07-10 11:40:52,761 - INFO - Data sliced for log_radon.
2026-07-10 11:40:52,761 - INFO - Target type: continuous | Classes: [None] | Total Classes: None
2026-07-10 11:40:52,762 - INFO - Out-of-Sample-Inference estimator: gb
2026-07-10 11:40:52,765 - INFO - Fold 1: radon log_radon gb...
2026-07-10 11:40:52,766 - INFO - x_trn downsampled to 100 samples for shapiq
2026-07-10 11:40:52,766 - INFO - x_tst downsampled to 100 samples for shapiq
2026-07-10 11:41:33,169 - INFO - predictor__regressor__colsample_bytree: 0.56
2026-07-10 11:41:33,169 - INFO - predictor__regressor__extra_trees: 1.00
2026-07-10 11:41:33,170 - INFO - predictor__regressor__path_smooth: 48.41
2026-07-10 11:41:33,272 - INFO - Avg Mean Absolute Error (MAE): 0.60
2026-07-10 11:41:33,273 - INFO - Avg Coefficient of Determination (R˛): 19.89
2026-07-10 11:41:33,281 - INFO - Avg Shuffle target Mean Absolute Error (MAE): 0.69
2026-07-10 11:41:33,281 - INFO - Avg Shuffle target Coefficient of Determination (R˛): -2.91
2026-07-10 11:41:33,283 - INFO - Results saved. Fold run time: 40.52s
2026-07-10 11:41:33,284 - INFO - Fold 2: radon log_radon gb...
2026-07-10 11:41:33,285 - INFO - x_trn downsampled to 100 samples for shapiq
2026-07-10 11:41:33,285 - INFO - x_tst downsampled to 100 samples for shapiq
2026-07-10 11:42:13,638 - INFO - predictor__regressor__colsample_bytree: 0.58
2026-07-10 11:42:13,638 - INFO - predictor__regressor__extra_trees: 1.00
2026-07-10 11:42:13,639 - INFO - predictor__regressor__path_smooth: 5.43
2026-07-10 11:42:13,749 - INFO - Avg Mean Absolute Error (MAE): 0.60
2026-07-10 11:42:13,750 - INFO - Avg Coefficient of Determination (R˛): 20.12
2026-07-10 11:42:13,758 - INFO - Avg Shuffle target Mean Absolute Error (MAE): 0.69
2026-07-10 11:42:13,759 - INFO - Avg Shuffle target Coefficient of Determination (R˛): -4.39
2026-07-10 11:42:13,762 - INFO - Results saved. Fold run time: 40.48s
2026-07-10 11:42:13,763 - INFO - Fold 3: radon log_radon gb...
2026-07-10 11:42:13,764 - INFO - x_trn downsampled to 100 samples for shapiq
2026-07-10 11:42:13,764 - INFO - x_tst downsampled to 100 samples for shapiq
2026-07-10 11:42:51,427 - INFO - predictor__regressor__colsample_bytree: 0.40
2026-07-10 11:42:51,427 - INFO - predictor__regressor__extra_trees: 1.00
2026-07-10 11:42:51,428 - INFO - predictor__regressor__path_smooth: 0.77
2026-07-10 11:42:51,483 - INFO - Avg Mean Absolute Error (MAE): 0.58
2026-07-10 11:42:51,484 - INFO - Avg Coefficient of Determination (R˛): 23.25
2026-07-10 11:42:51,490 - INFO - Avg Shuffle target Mean Absolute Error (MAE): 0.68
2026-07-10 11:42:51,490 - INFO - Avg Shuffle target Coefficient of Determination (R˛): -5.09
2026-07-10 11:42:51,493 - INFO - Results saved. Fold run time: 37.73s
2026-07-10 11:42:51,494 - INFO - Fold 4: radon log_radon gb...
2026-07-10 11:42:51,495 - INFO - x_trn downsampled to 100 samples for shapiq
2026-07-10 11:42:51,495 - INFO - x_tst downsampled to 100 samples for shapiq
2026-07-10 11:43:31,032 - INFO - predictor__regressor__colsample_bytree: 0.48
2026-07-10 11:43:31,033 - INFO - predictor__regressor__extra_trees: 1.00
2026-07-10 11:43:31,033 - INFO - predictor__regressor__path_smooth: 35.19
2026-07-10 11:43:31,131 - INFO - Avg Mean Absolute Error (MAE): 0.58
2026-07-10 11:43:31,132 - INFO - Avg Coefficient of Determination (R˛): 21.79
2026-07-10 11:43:31,140 - INFO - Avg Shuffle target Mean Absolute Error (MAE): 0.68
2026-07-10 11:43:31,140 - INFO - Avg Shuffle target Coefficient of Determination (R˛): -5.00
2026-07-10 11:43:31,143 - INFO - Results saved. Fold run time: 39.65s
2026-07-10 11:43:31,143 - INFO - Fold 5: radon log_radon gb...
2026-07-10 11:43:31,144 - INFO - x_trn downsampled to 100 samples for shapiq
2026-07-10 11:43:31,144 - INFO - x_tst downsampled to 100 samples for shapiq
2026-07-10 11:44:09,127 - INFO - predictor__regressor__colsample_bytree: 0.50
2026-07-10 11:44:09,128 - INFO - predictor__regressor__extra_trees: 1.00
2026-07-10 11:44:09,128 - INFO - predictor__regressor__path_smooth: 15.68
2026-07-10 11:44:09,292 - INFO - Avg Mean Absolute Error (MAE): 0.57
2026-07-10 11:44:09,293 - INFO - Avg Coefficient of Determination (R˛): 18.28
2026-07-10 11:44:09,302 - INFO - Avg Shuffle target Mean Absolute Error (MAE): 0.66
2026-07-10 11:44:09,303 - INFO - Avg Shuffle target Coefficient of Determination (R˛): -5.19
2026-07-10 11:44:09,306 - INFO - Results saved. Fold run time: 38.16s
2026-07-10 11:44:09,309 - INFO - Fold 6: radon log_radon gb...
2026-07-10 11:44:09,310 - INFO - x_trn downsampled to 100 samples for shapiq
2026-07-10 11:44:09,311 - INFO - x_tst downsampled to 100 samples for shapiq
2026-07-10 11:44:48,704 - INFO - predictor__regressor__colsample_bytree: 0.42
2026-07-10 11:44:48,705 - INFO - predictor__regressor__extra_trees: 1.00
2026-07-10 11:44:48,705 - INFO - predictor__regressor__path_smooth: 25.99
2026-07-10 11:44:48,810 - INFO - Avg Mean Absolute Error (MAE): 0.56
2026-07-10 11:44:48,810 - INFO - Avg Coefficient of Determination (R˛): 17.89
2026-07-10 11:44:48,818 - INFO - Avg Shuffle target Mean Absolute Error (MAE): 0.65
2026-07-10 11:44:48,818 - INFO - Avg Shuffle target Coefficient of Determination (R˛): -5.57
2026-07-10 11:44:48,821 - INFO - Results saved. Fold run time: 39.51s
2026-07-10 11:44:48,821 - INFO - Fold 7: radon log_radon gb...
2026-07-10 11:44:48,822 - INFO - x_trn downsampled to 100 samples for shapiq
2026-07-10 11:44:48,822 - INFO - x_tst downsampled to 100 samples for shapiq
2026-07-10 11:45:27,752 - INFO - predictor__regressor__colsample_bytree: 0.35
2026-07-10 11:45:27,753 - INFO - predictor__regressor__extra_trees: 1.00
2026-07-10 11:45:27,753 - INFO - predictor__regressor__path_smooth: 33.67
2026-07-10 11:45:27,819 - INFO - Avg Mean Absolute Error (MAE): 0.56
2026-07-10 11:45:27,820 - INFO - Avg Coefficient of Determination (R˛): 18.22
2026-07-10 11:45:27,826 - INFO - Avg Shuffle target Mean Absolute Error (MAE): 0.65
2026-07-10 11:45:27,826 - INFO - Avg Shuffle target Coefficient of Determination (R˛): -4.38
2026-07-10 11:45:27,830 - INFO - Results saved. Fold run time: 39.01s
2026-07-10 11:45:27,830 - INFO - Fold 8: radon log_radon gb...
2026-07-10 11:45:27,831 - INFO - x_trn downsampled to 100 samples for shapiq
2026-07-10 11:45:27,832 - INFO - x_tst downsampled to 100 samples for shapiq
2026-07-10 11:46:07,145 - INFO - predictor__regressor__colsample_bytree: 0.31
2026-07-10 11:46:07,145 - INFO - predictor__regressor__extra_trees: 1.00
2026-07-10 11:46:07,146 - INFO - predictor__regressor__path_smooth: 7.45
2026-07-10 11:46:07,224 - INFO - Avg Mean Absolute Error (MAE): 0.56
2026-07-10 11:46:07,224 - INFO - Avg Coefficient of Determination (R˛): 19.36
2026-07-10 11:46:07,230 - INFO - Avg Shuffle target Mean Absolute Error (MAE): 0.65
2026-07-10 11:46:07,231 - INFO - Avg Shuffle target Coefficient of Determination (R˛): -4.52
2026-07-10 11:46:07,233 - INFO - Results saved. Fold run time: 39.40s
2026-07-10 11:46:07,234 - INFO - Fold 9: radon log_radon gb...
2026-07-10 11:46:07,235 - INFO - x_trn downsampled to 100 samples for shapiq
2026-07-10 11:46:07,235 - INFO - x_tst downsampled to 100 samples for shapiq
2026-07-10 11:46:43,344 - INFO - predictor__regressor__colsample_bytree: 0.55
2026-07-10 11:46:43,345 - INFO - predictor__regressor__extra_trees: 1.00
2026-07-10 11:46:43,345 - INFO - predictor__regressor__path_smooth: 42.77
2026-07-10 11:46:43,492 - INFO - Avg Mean Absolute Error (MAE): 0.57
2026-07-10 11:46:43,493 - INFO - Avg Coefficient of Determination (R˛): 18.98
2026-07-10 11:46:43,501 - INFO - Avg Shuffle target Mean Absolute Error (MAE): 0.66
2026-07-10 11:46:43,501 - INFO - Avg Shuffle target Coefficient of Determination (R˛): -4.52
2026-07-10 11:46:43,504 - INFO - Results saved. Fold run time: 36.27s
2026-07-10 11:46:43,504 - INFO - Fold 10: radon log_radon gb...
2026-07-10 11:46:43,505 - INFO - x_trn downsampled to 100 samples for shapiq
2026-07-10 11:46:43,505 - INFO - x_tst downsampled to 100 samples for shapiq
2026-07-10 11:47:21,356 - INFO - predictor__regressor__colsample_bytree: 0.47
2026-07-10 11:47:21,357 - INFO - predictor__regressor__extra_trees: 1.00
2026-07-10 11:47:21,357 - INFO - predictor__regressor__path_smooth: 77.25
2026-07-10 11:47:21,452 - INFO - Avg Mean Absolute Error (MAE): 0.57
2026-07-10 11:47:21,453 - INFO - Avg Coefficient of Determination (R˛): 18.86
2026-07-10 11:47:21,461 - INFO - Avg Shuffle target Mean Absolute Error (MAE): 0.66
2026-07-10 11:47:21,461 - INFO - Avg Shuffle target Coefficient of Determination (R˛): -4.15
2026-07-10 11:47:21,464 - INFO - Results saved. Fold run time: 37.96s
2026-07-10 11:47:21,466 - INFO - Fold 11: radon log_radon gb...
2026-07-10 11:47:21,467 - INFO - x_trn downsampled to 100 samples for shapiq
2026-07-10 11:47:21,467 - INFO - x_tst downsampled to 100 samples for shapiq
2026-07-10 11:48:03,289 - INFO - predictor__regressor__colsample_bytree: 0.37
2026-07-10 11:48:03,290 - INFO - predictor__regressor__extra_trees: 1.00
2026-07-10 11:48:03,290 - INFO - predictor__regressor__path_smooth: 4.56
2026-07-10 11:48:03,344 - INFO - Avg Mean Absolute Error (MAE): 0.57
2026-07-10 11:48:03,344 - INFO - Avg Coefficient of Determination (R˛): 18.43
2026-07-10 11:48:03,350 - INFO - Avg Shuffle target Mean Absolute Error (MAE): 0.66
2026-07-10 11:48:03,350 - INFO - Avg Shuffle target Coefficient of Determination (R˛): -5.14
2026-07-10 11:48:03,353 - INFO - Results saved. Fold run time: 41.89s
2026-07-10 11:48:03,354 - INFO - Fold 12: radon log_radon gb...
2026-07-10 11:48:03,355 - INFO - x_trn downsampled to 100 samples for shapiq
2026-07-10 11:48:03,355 - INFO - x_tst downsampled to 100 samples for shapiq
2026-07-10 11:48:43,751 - INFO - predictor__regressor__colsample_bytree: 0.54
2026-07-10 11:48:43,752 - INFO - predictor__regressor__extra_trees: 1.00
2026-07-10 11:48:43,752 - INFO - predictor__regressor__path_smooth: 99.51
2026-07-10 11:48:43,843 - INFO - Avg Mean Absolute Error (MAE): 0.57
2026-07-10 11:48:43,843 - INFO - Avg Coefficient of Determination (R˛): 18.00
2026-07-10 11:48:43,851 - INFO - Avg Shuffle target Mean Absolute Error (MAE): 0.66
2026-07-10 11:48:43,851 - INFO - Avg Shuffle target Coefficient of Determination (R˛): -5.13
2026-07-10 11:48:43,854 - INFO - Results saved. Fold run time: 40.50s
2026-07-10 11:48:43,855 - INFO - Fold 13: radon log_radon gb...
2026-07-10 11:48:43,855 - INFO - x_trn downsampled to 100 samples for shapiq
2026-07-10 11:48:43,856 - INFO - x_tst downsampled to 100 samples for shapiq
2026-07-10 11:49:24,613 - INFO - predictor__regressor__colsample_bytree: 0.51
2026-07-10 11:49:24,613 - INFO - predictor__regressor__extra_trees: 1.00
2026-07-10 11:49:24,613 - INFO - predictor__regressor__path_smooth: 8.46
2026-07-10 11:49:24,719 - INFO - Avg Mean Absolute Error (MAE): 0.57
2026-07-10 11:49:24,720 - INFO - Avg Coefficient of Determination (R˛): 17.89
2026-07-10 11:49:24,728 - INFO - Avg Shuffle target Mean Absolute Error (MAE): 0.67
2026-07-10 11:49:24,729 - INFO - Avg Shuffle target Coefficient of Determination (R˛): -5.43
2026-07-10 11:49:24,732 - INFO - Results saved. Fold run time: 40.88s
2026-07-10 11:49:24,732 - INFO - Fold 14: radon log_radon gb...
2026-07-10 11:49:24,733 - INFO - x_trn downsampled to 100 samples for shapiq
2026-07-10 11:49:24,734 - INFO - x_tst downsampled to 100 samples for shapiq
2026-07-10 11:50:04,893 - INFO - predictor__regressor__colsample_bytree: 0.52
2026-07-10 11:50:04,893 - INFO - predictor__regressor__extra_trees: 1.00
2026-07-10 11:50:04,893 - INFO - predictor__regressor__path_smooth: 0.29
2026-07-10 11:50:05,002 - INFO - Avg Mean Absolute Error (MAE): 0.57
2026-07-10 11:50:05,002 - INFO - Avg Coefficient of Determination (R˛): 17.76
2026-07-10 11:50:05,011 - INFO - Avg Shuffle target Mean Absolute Error (MAE): 0.66
2026-07-10 11:50:05,011 - INFO - Avg Shuffle target Coefficient of Determination (R˛): -6.13
2026-07-10 11:50:05,014 - INFO - Results saved. Fold run time: 40.28s
2026-07-10 11:50:05,014 - INFO - Fold 15: radon log_radon gb...
2026-07-10 11:50:05,015 - INFO - x_trn downsampled to 100 samples for shapiq
2026-07-10 11:50:05,016 - INFO - x_tst downsampled to 100 samples for shapiq
2026-07-10 11:50:42,236 - INFO - predictor__regressor__colsample_bytree: 0.65
2026-07-10 11:50:42,237 - INFO - predictor__regressor__extra_trees: 1.00
2026-07-10 11:50:42,237 - INFO - predictor__regressor__path_smooth: 43.24
2026-07-10 11:50:42,360 - INFO - Avg Mean Absolute Error (MAE): 0.57
2026-07-10 11:50:42,361 - INFO - Avg Coefficient of Determination (R˛): 18.12
2026-07-10 11:50:42,369 - INFO - Avg Shuffle target Mean Absolute Error (MAE): 0.66
2026-07-10 11:50:42,370 - INFO - Avg Shuffle target Coefficient of Determination (R˛): -6.40
2026-07-10 11:50:42,372 - INFO - Results saved. Fold run time: 37.36s
2026-07-10 11:50:42,374 - INFO - Fold 16: radon log_radon gb...
2026-07-10 11:50:42,375 - INFO - x_trn downsampled to 100 samples for shapiq
2026-07-10 11:50:42,375 - INFO - x_tst downsampled to 100 samples for shapiq
2026-07-10 11:51:24,518 - INFO - predictor__regressor__colsample_bytree: 0.52
2026-07-10 11:51:24,518 - INFO - predictor__regressor__extra_trees: 1.00
2026-07-10 11:51:24,518 - INFO - predictor__regressor__path_smooth: 72.43
2026-07-10 11:51:24,613 - INFO - Avg Mean Absolute Error (MAE): 0.57
2026-07-10 11:51:24,614 - INFO - Avg Coefficient of Determination (R˛): 17.83
2026-07-10 11:51:24,622 - INFO - Avg Shuffle target Mean Absolute Error (MAE): 0.66
2026-07-10 11:51:24,622 - INFO - Avg Shuffle target Coefficient of Determination (R˛): -6.14
2026-07-10 11:51:24,625 - INFO - Results saved. Fold run time: 42.25s
2026-07-10 11:51:24,625 - INFO - Fold 17: radon log_radon gb...
2026-07-10 11:51:24,626 - INFO - x_trn downsampled to 100 samples for shapiq
2026-07-10 11:51:24,627 - INFO - x_tst downsampled to 100 samples for shapiq
2026-07-10 11:52:03,877 - INFO - predictor__regressor__colsample_bytree: 0.27
2026-07-10 11:52:03,877 - INFO - predictor__regressor__extra_trees: 1.00
2026-07-10 11:52:03,878 - INFO - predictor__regressor__path_smooth: 1.11
2026-07-10 11:52:03,930 - INFO - Avg Mean Absolute Error (MAE): 0.57
2026-07-10 11:52:03,930 - INFO - Avg Coefficient of Determination (R˛): 17.68
2026-07-10 11:52:03,936 - INFO - Avg Shuffle target Mean Absolute Error (MAE): 0.66
2026-07-10 11:52:03,937 - INFO - Avg Shuffle target Coefficient of Determination (R˛): -6.12
2026-07-10 11:52:03,939 - INFO - Results saved. Fold run time: 39.31s
2026-07-10 11:52:03,940 - INFO - Fold 18: radon log_radon gb...
2026-07-10 11:52:03,940 - INFO - x_trn downsampled to 100 samples for shapiq
2026-07-10 11:52:03,941 - INFO - x_tst downsampled to 100 samples for shapiq
2026-07-10 11:52:44,171 - INFO - predictor__regressor__colsample_bytree: 0.22
2026-07-10 11:52:44,172 - INFO - predictor__regressor__extra_trees: 1.00
2026-07-10 11:52:44,172 - INFO - predictor__regressor__path_smooth: 0.18
2026-07-10 11:52:44,206 - INFO - Avg Mean Absolute Error (MAE): 0.57
2026-07-10 11:52:44,206 - INFO - Avg Coefficient of Determination (R˛): 17.77
2026-07-10 11:52:44,211 - INFO - Avg Shuffle target Mean Absolute Error (MAE): 0.66
2026-07-10 11:52:44,211 - INFO - Avg Shuffle target Coefficient of Determination (R˛): -5.91
2026-07-10 11:52:44,214 - INFO - Results saved. Fold run time: 40.27s
2026-07-10 11:52:44,214 - INFO - Fold 19: radon log_radon gb...
2026-07-10 11:52:44,215 - INFO - x_trn downsampled to 100 samples for shapiq
2026-07-10 11:52:44,215 - INFO - x_tst downsampled to 100 samples for shapiq
2026-07-10 11:53:23,601 - INFO - predictor__regressor__colsample_bytree: 0.43
2026-07-10 11:53:23,602 - INFO - predictor__regressor__extra_trees: 1.00
2026-07-10 11:53:23,602 - INFO - predictor__regressor__path_smooth: 1.98
2026-07-10 11:53:23,709 - INFO - Avg Mean Absolute Error (MAE): 0.57
2026-07-10 11:53:23,710 - INFO - Avg Coefficient of Determination (R˛): 17.90
2026-07-10 11:53:23,719 - INFO - Avg Shuffle target Mean Absolute Error (MAE): 0.66
2026-07-10 11:53:23,719 - INFO - Avg Shuffle target Coefficient of Determination (R˛): -5.22
2026-07-10 11:53:23,722 - INFO - Results saved. Fold run time: 39.51s
2026-07-10 11:53:23,722 - INFO - Fold 20: radon log_radon gb...
2026-07-10 11:53:23,723 - INFO - x_trn downsampled to 100 samples for shapiq
2026-07-10 11:53:23,723 - INFO - x_tst downsampled to 100 samples for shapiq
2026-07-10 11:54:04,594 - INFO - predictor__regressor__colsample_bytree: 0.26
2026-07-10 11:54:04,595 - INFO - predictor__regressor__extra_trees: 1.00
2026-07-10 11:54:04,595 - INFO - predictor__regressor__path_smooth: 23.87
2026-07-10 11:54:04,646 - INFO - Avg Mean Absolute Error (MAE): 0.57
2026-07-10 11:54:04,647 - INFO - Avg Coefficient of Determination (R˛): 18.19
2026-07-10 11:54:04,653 - INFO - Avg Shuffle target Mean Absolute Error (MAE): 0.66
2026-07-10 11:54:04,653 - INFO - Avg Shuffle target Coefficient of Determination (R˛): -5.17
2026-07-10 11:54:04,656 - INFO - Results saved. Fold run time: 40.93s
2026-07-10 11:54:04,658 - INFO - Fold 21: radon log_radon gb...
2026-07-10 11:54:04,659 - INFO - x_trn downsampled to 100 samples for shapiq
2026-07-10 11:54:04,659 - INFO - x_tst downsampled to 100 samples for shapiq
2026-07-10 11:54:44,352 - INFO - predictor__regressor__colsample_bytree: 0.54
2026-07-10 11:54:44,353 - INFO - predictor__regressor__extra_trees: 1.00
2026-07-10 11:54:44,353 - INFO - predictor__regressor__path_smooth: 90.13
2026-07-10 11:54:44,445 - INFO - Avg Mean Absolute Error (MAE): 0.57
2026-07-10 11:54:44,446 - INFO - Avg Coefficient of Determination (R˛): 18.15
2026-07-10 11:54:44,455 - INFO - Avg Shuffle target Mean Absolute Error (MAE): 0.66
2026-07-10 11:54:44,455 - INFO - Avg Shuffle target Coefficient of Determination (R˛): -5.07
2026-07-10 11:54:44,457 - INFO - Results saved. Fold run time: 39.80s
2026-07-10 11:54:44,458 - INFO - Fold 22: radon log_radon gb...
2026-07-10 11:54:44,459 - INFO - x_trn downsampled to 100 samples for shapiq
2026-07-10 11:54:44,460 - INFO - x_tst downsampled to 100 samples for shapiq
2026-07-10 11:55:25,836 - INFO - predictor__regressor__colsample_bytree: 0.29
2026-07-10 11:55:25,837 - INFO - predictor__regressor__extra_trees: 0.00
2026-07-10 11:55:25,838 - INFO - predictor__regressor__path_smooth: 29.65
2026-07-10 11:55:26,123 - INFO - Avg Mean Absolute Error (MAE): 0.57
2026-07-10 11:55:26,124 - INFO - Avg Coefficient of Determination (R˛): 17.93
2026-07-10 11:55:26,134 - INFO - Avg Shuffle target Mean Absolute Error (MAE): 0.66
2026-07-10 11:55:26,134 - INFO - Avg Shuffle target Coefficient of Determination (R˛): -5.37
2026-07-10 11:55:26,137 - INFO - Results saved. Fold run time: 41.68s
2026-07-10 11:55:26,138 - INFO - Fold 23: radon log_radon gb...
2026-07-10 11:55:26,138 - INFO - x_trn downsampled to 100 samples for shapiq
2026-07-10 11:55:26,139 - INFO - x_tst downsampled to 100 samples for shapiq
2026-07-10 11:56:04,649 - INFO - predictor__regressor__colsample_bytree: 0.15
2026-07-10 11:56:04,650 - INFO - predictor__regressor__extra_trees: 1.00
2026-07-10 11:56:04,650 - INFO - predictor__regressor__path_smooth: 0.37
2026-07-10 11:56:04,683 - INFO - Avg Mean Absolute Error (MAE): 0.57
2026-07-10 11:56:04,684 - INFO - Avg Coefficient of Determination (R˛): 17.79
2026-07-10 11:56:04,688 - INFO - Avg Shuffle target Mean Absolute Error (MAE): 0.66
2026-07-10 11:56:04,688 - INFO - Avg Shuffle target Coefficient of Determination (R˛): -5.17
2026-07-10 11:56:04,691 - INFO - Results saved. Fold run time: 38.55s
2026-07-10 11:56:04,691 - INFO - Fold 24: radon log_radon gb...
2026-07-10 11:56:04,692 - INFO - x_trn downsampled to 100 samples for shapiq
2026-07-10 11:56:04,692 - INFO - x_tst downsampled to 100 samples for shapiq
2026-07-10 11:56:41,387 - INFO - predictor__regressor__colsample_bytree: 0.49
2026-07-10 11:56:41,387 - INFO - predictor__regressor__extra_trees: 1.00
2026-07-10 11:56:41,388 - INFO - predictor__regressor__path_smooth: 4.97
2026-07-10 11:56:41,492 - INFO - Avg Mean Absolute Error (MAE): 0.57
2026-07-10 11:56:41,492 - INFO - Avg Coefficient of Determination (R˛): 17.64
2026-07-10 11:56:41,500 - INFO - Avg Shuffle target Mean Absolute Error (MAE): 0.66
2026-07-10 11:56:41,501 - INFO - Avg Shuffle target Coefficient of Determination (R˛): -5.29
2026-07-10 11:56:41,504 - INFO - Results saved. Fold run time: 36.81s
2026-07-10 11:56:41,504 - INFO - Fold 25: radon log_radon gb...
2026-07-10 11:56:41,505 - INFO - x_trn downsampled to 100 samples for shapiq
2026-07-10 11:56:41,505 - INFO - x_tst downsampled to 100 samples for shapiq
2026-07-10 11:57:19,946 - INFO - predictor__regressor__colsample_bytree: 0.58
2026-07-10 11:57:19,946 - INFO - predictor__regressor__extra_trees: 1.00
2026-07-10 11:57:19,947 - INFO - predictor__regressor__path_smooth: 0.23
2026-07-10 11:57:20,066 - INFO - Avg Mean Absolute Error (MAE): 0.57
2026-07-10 11:57:20,066 - INFO - Avg Coefficient of Determination (R˛): 17.75
2026-07-10 11:57:20,074 - INFO - Avg Shuffle target Mean Absolute Error (MAE): 0.66
2026-07-10 11:57:20,075 - INFO - Avg Shuffle target Coefficient of Determination (R˛): -5.46
2026-07-10 11:57:20,078 - INFO - Results saved. Fold run time: 38.57s
2026-07-10 11:57:20,078 - INFO - Out-of-Sample-Inference finished.
